[debug] [2021-11-14T18:46:13.413Z] ----------------------------------------------------------------------
[debug] [2021-11-14T18:46:13.414Z] Command:       C:\Program Files\nodejs\node.exe C:\Users\eduar\AppData\Roaming\npm\node_modules\firebase-tools\lib\bin\firebase.js init hosting:github
[debug] [2021-11-14T18:46:13.415Z] CLI Version:   9.22.0
[debug] [2021-11-14T18:46:13.415Z] Platform:      win32
[debug] [2021-11-14T18:46:13.415Z] Node Version:  v14.18.0
[debug] [2021-11-14T18:46:13.415Z] Time:          Sun Nov 14 2021 13:46:13 GMT-0500 (Eastern Standard Time)
[debug] [2021-11-14T18:46:13.416Z] ----------------------------------------------------------------------
[debug] 
[debug] [2021-11-14T18:46:13.459Z] > command requires scopes: ["email","openid","https://www.googleapis.com/auth/cloudplatformprojects.readonly","https://www.googleapis.com/auth/firebase","https://www.googleapis.com/auth/cloud-platform"]
[debug] [2021-11-14T18:46:13.459Z] > authorizing via signed-in user (eduar2gp@gmail.com)
[info] 
     ######## #### ########  ######## ########     ###     ######  ########
     ##        ##  ##     ## ##       ##     ##  ##   ##  ##       ##
     ######    ##  ########  ######   ########  #########  ######  ######
     ##        ##  ##    ##  ##       ##     ## ##     ##       ## ##
     ##       #### ##     ## ######## ########  ##     ##  ######  ########

You're about to initialize a Firebase project in this directory:

  C:\Users\eduar\OneDrive\Documents\GitHub\ConnectorsMarketPlace\Connection

Before we get started, keep in mind:

  * You are initializing within an existing Firebase project directory

[info] 
=== Project Setup
[info] 
[info] First, let's associate this project directory with a Firebase project.
[info] You can create multiple project aliases by running firebase use --add, 
[info] but for now we'll just set up a default project.
[info] 
[info] i  .firebaserc already has a default project, using connectorsmarketplace-bdf11. 
[debug] [2021-11-14T18:47:40.424Z] >>> [apiv2][query] GET https://firebase.googleapis.com/v1beta1/projects/connectorsmarketplace-bdf11 [none]
[debug] [2021-11-14T18:47:40.689Z] <<< [apiv2][status] GET https://firebase.googleapis.com/v1beta1/projects/connectorsmarketplace-bdf11 200
[debug] [2021-11-14T18:47:40.689Z] <<< [apiv2][body] GET https://firebase.googleapis.com/v1beta1/projects/connectorsmarketplace-bdf11 {"projectId":"connectorsmarketplace-bdf11","projectNumber":"709799310025","displayName":"ConnectorsMarketPlace","name":"projects/connectorsmarketplace-bdf11","resources":{"hostingSite":"connectorsmarketplace-bdf11"},"state":"ACTIVE"}
[info] 
=== Hosting:github Setup
[info] 
[info] i  Detected a .git folder at C:\Users\eduar\OneDrive\Documents\GitHub\ConnectorsMarketPlace 
[info] i  Authorizing with GitHub to upload your service account to a GitHub repository's secrets store. 
[info] 
[info] Visit this URL on this device to log in:
[info] https://github.com/login/oauth/authorize?client_id=89cf50f02ac6aaed3484&state=146448482&redirect_uri=http%3A%2F%2Flocalhost%3A9005&scope=read%3Auser%20repo%20public_repo
[info] 
[info] Waiting for authentication...
[debug] [2021-11-14T18:47:41.197Z] >>> HTTP REQUEST POST https://github.com/login/oauth/access_token  
 {"client_id":"89cf50f02ac6aaed3484","client_secret":"3330d14abc895d9a74d5f17cd7a00711fa2c5bf0","code":"c098c73d195ec8498a56","redirect_uri":"http://localhost:9005","state":"146448482"}
[debug] [2021-11-14T18:47:41.507Z] <<< HTTP RESPONSE 200 {"server":"GitHub.com","date":"Sun, 14 Nov 2021 18:47:41 GMT","content-type":"application/json; charset=utf-8","transfer-encoding":"chunked","vary":"X-PJAX, X-PJAX-Container, Accept-Encoding, Accept, X-Requested-With","permissions-policy":"interest-cohort=()","etag":"W/\"5bd3f9351c23df539ad573102a9522b9\"","cache-control":"max-age=0, private, must-revalidate","strict-transport-security":"max-age=31536000; includeSubdomains; preload","x-frame-options":"deny","x-content-type-options":"nosniff","x-xss-protection":"0","referrer-policy":"origin-when-cross-origin, strict-origin-when-cross-origin","expect-ct":"max-age=2592000, report-uri=\"https://api.github.com/_private/browser/errors\"","content-security-policy":"default-src 'none'; base-uri 'self'; block-all-mixed-content; child-src github.com/assets-cdn/worker/ gist.github.com/assets-cdn/worker/; connect-src 'self' uploads.github.com objects-origin.githubusercontent.com www.githubstatus.com collector.githubapp.com api.github.com github-cloud.s3.amazonaws.com github-production-repository-file-5c1aeb.s3.amazonaws.com github-production-upload-manifest-file-7fdce7.s3.amazonaws.com github-production-user-asset-6210df.s3.amazonaws.com cdn.optimizely.com logx.optimizely.com/v1/events translator.github.com wss://alive.github.com; font-src github.githubassets.com; form-action 'self' github.com gist.github.com objects-origin.githubusercontent.com; frame-ancestors 'none'; frame-src render.githubusercontent.com viewscreen.githubusercontent.com notebooks.githubusercontent.com; img-src 'self' data: github.githubassets.com identicons.github.com collector.githubapp.com github-cloud.s3.amazonaws.com secured-user-images.githubusercontent.com/ *.githubusercontent.com; manifest-src 'self'; media-src github.com user-images.githubusercontent.com/; script-src github.githubassets.com; style-src 'unsafe-inline' github.githubassets.com; worker-src github.com/assets-cdn/worker/ gist.github.com/assets-cdn/worker/","x-github-request-id":"FD3A:7B3C:27B729B:3EE9FD6:619159CC"}
[debug] [2021-11-14T18:47:41.514Z] >>> [apiv2][query] GET https://api.github.com/user [none]
[debug] [2021-11-14T18:47:41.913Z] <<< [apiv2][status] GET https://api.github.com/user 200
[debug] [2021-11-14T18:47:41.914Z] <<< [apiv2][body] GET https://api.github.com/user {"login":"eduar2gp","id":89945822,"node_id":"MDQ6VXNlcjg5OTQ1ODIy","avatar_url":"https://avatars.githubusercontent.com/u/89945822?v=4","gravatar_id":"","url":"https://api.github.com/users/eduar2gp","html_url":"https://github.com/eduar2gp","followers_url":"https://api.github.com/users/eduar2gp/followers","following_url":"https://api.github.com/users/eduar2gp/following{/other_user}","gists_url":"https://api.github.com/users/eduar2gp/gists{/gist_id}","starred_url":"https://api.github.com/users/eduar2gp/starred{/owner}{/repo}","subscriptions_url":"https://api.github.com/users/eduar2gp/subscriptions","organizations_url":"https://api.github.com/users/eduar2gp/orgs","repos_url":"https://api.github.com/users/eduar2gp/repos","events_url":"https://api.github.com/users/eduar2gp/events{/privacy}","received_events_url":"https://api.github.com/users/eduar2gp/received_events","type":"User","site_admin":false,"name":null,"company":null,"blog":"","location":null,"email":null,"hireable":null,"bio":null,"twitter_username":null,"public_repos":3,"public_gists":0,"followers":0,"following":0,"created_at":"2021-09-01T21:45:20Z","updated_at":"2021-11-09T21:01:00Z","private_gists":0,"total_private_repos":0,"owned_private_repos":0,"disk_usage":44,"collaborators":0,"two_factor_authentication":false,"plan":{"name":"free","space":976562499,"collaborators":0,"private_repos":10000}}
[info] 
[info] +  Success! Logged into GitHub as eduar2gp 
[info] 
